[debug] [2020-06-01T09:55:05.309Z] ----------------------------------------------------------------------
[debug] [2020-06-01T09:55:05.313Z] Command:       /usr/bin/node /usr/bin/firebase serve --only functions
[debug] [2020-06-01T09:55:05.314Z] CLI Version:   8.2.0
[debug] [2020-06-01T09:55:05.314Z] Platform:      linux
[debug] [2020-06-01T09:55:05.314Z] Node Version:  v10.20.1
[debug] [2020-06-01T09:55:05.315Z] Time:          Mon Jun 01 2020 15:25:05 GMT+0530 (India Standard Time)
[debug] [2020-06-01T09:55:05.315Z] ----------------------------------------------------------------------
[debug] [2020-06-01T09:55:05.315Z] 
[debug] [2020-06-01T09:55:05.328Z] > command requires scopes: ["email","openid","https://www.googleapis.com/auth/cloudplatformprojects.readonly","https://www.googleapis.com/auth/firebase","https://www.googleapis.com/auth/cloud-platform"]
[debug] [2020-06-01T09:55:05.328Z] > authorizing via signed-in user
[debug] [2020-06-01T09:55:05.329Z] [iam] checking project ctmintask for permissions ["firebase.projects.get"]
[debug] [2020-06-01T09:55:05.333Z] >>> HTTP REQUEST POST https://cloudresourcemanager.googleapis.com/v1/projects/ctmintask:testIamPermissions  
 {"permissions":["firebase.projects.get"]}
[debug] [2020-06-01T09:55:07.617Z] <<< HTTP RESPONSE 200 {"content-type":"application/json; charset=UTF-8","vary":"X-Origin, Referer, Origin,Accept-Encoding","date":"Mon, 01 Jun 2020 09:55:07 GMT","server":"ESF","cache-control":"private","x-xss-protection":"0","x-frame-options":"SAMEORIGIN","x-content-type-options":"nosniff","server-timing":"gfet4t7; dur=1343","alt-svc":"h3-27=\":443\"; ma=2592000,h3-25=\":443\"; ma=2592000,h3-T050=\":443\"; ma=2592000,h3-Q050=\":443\"; ma=2592000,h3-Q049=\":443\"; ma=2592000,h3-Q048=\":443\"; ma=2592000,h3-Q046=\":443\"; ma=2592000,h3-Q043=\":443\"; ma=2592000,quic=\":443\"; ma=2592000; v=\"46,43\"","accept-ranges":"none","transfer-encoding":"chunked"}
[debug] [2020-06-01T09:55:07.620Z] >>> HTTP REQUEST GET https://firebase.googleapis.com/v1beta1/projects/ctmintask  
 
[debug] [2020-06-01T09:55:08.638Z] <<< HTTP RESPONSE 200 {"content-type":"application/json; charset=UTF-8","vary":"X-Origin, Referer, Origin,Accept-Encoding","date":"Mon, 01 Jun 2020 09:55:08 GMT","server":"ESF","cache-control":"private","x-xss-protection":"0","x-frame-options":"SAMEORIGIN","x-content-type-options":"nosniff","alt-svc":"h3-27=\":443\"; ma=2592000,h3-25=\":443\"; ma=2592000,h3-T050=\":443\"; ma=2592000,h3-Q050=\":443\"; ma=2592000,h3-Q049=\":443\"; ma=2592000,h3-Q048=\":443\"; ma=2592000,h3-Q046=\":443\"; ma=2592000,h3-Q043=\":443\"; ma=2592000,quic=\":443\"; ma=2592000; v=\"46,43\"","accept-ranges":"none","transfer-encoding":"chunked"}
[warn] ⚠  Your requested "node" version "8" doesn't match your global version "10"
[info] ✔  functions: functions emulator started at http://localhost:5000
[info] i  functions: Watching "/home/bittu/CTMInTask/functions" for Cloud Functions...
[debug] [2020-06-01T09:55:08.699Z] [worker-pool] addWorker(~diagnostic~) 
[debug] [2020-06-01T09:55:08.700Z] [worker-pool] Adding worker with key ~diagnostic~, total=1 
[debug] [2020-06-01T09:55:08.700Z] [worker-pool] submitWork(triggerId=) 
[debug] [2020-06-01T09:55:08.701Z] [worker-~diagnostic~-b37a0eed-ebcd-4154-946a-581c274c8fba]: Assigning socketPath: /tmp/fire_emu_22741.sock 
[debug] [2020-06-01T09:55:08.702Z] [worker-~diagnostic~-b37a0eed-ebcd-4154-946a-581c274c8fba]: BUSY 
[debug] [2020-06-01T09:55:09.120Z] [runtime-status] [22741] Functions runtime initialized. {"cwd":"/home/bittu/CTMInTask/functions","node_version":"10.20.1"} 
[debug] [2020-06-01T09:55:09.122Z] [runtime-status] [22741] Disabled runtime features: undefined 
[debug] [2020-06-01T09:55:09.125Z] [runtime-status] [22741] Resolved module firebase-admin {"declared":true,"installed":true,"version":"8.12.1","resolution":"/home/bittu/CTMInTask/functions/node_modules/firebase-admin/lib/index.js"} 
[debug] [2020-06-01T09:55:09.127Z] [runtime-status] [22741] Resolved module firebase-functions {"declared":true,"installed":true,"version":"3.6.1","resolution":"/home/bittu/CTMInTask/functions/node_modules/firebase-functions/lib/index.js"} 
[debug] [2020-06-01T09:55:09.133Z] [runtime-status] [22741] Outgoing network have been stubbed. [{"name":"http","status":"mocked"},{"name":"http","status":"mocked"},{"name":"https","status":"mocked"},{"name":"https","status":"mocked"},{"name":"net","status":"mocked"}] 
[debug] [2020-06-01T09:55:09.185Z] [runtime-status] [22741] Checked functions.config() {"config":{}} 
[debug] [2020-06-01T09:55:09.186Z] [runtime-status] [22741] Resolved module firebase-functions {"declared":true,"installed":true,"version":"3.6.1","resolution":"/home/bittu/CTMInTask/functions/node_modules/firebase-functions/lib/index.js"} 
[debug] [2020-06-01T09:55:09.188Z] [runtime-status] [22741] Resolved module firebase-admin {"declared":true,"installed":true,"version":"8.12.1","resolution":"/home/bittu/CTMInTask/functions/node_modules/firebase-admin/lib/index.js"} 
[debug] [2020-06-01T09:55:09.188Z] [runtime-status] [22741] Resolved module firebase-functions {"declared":true,"installed":true,"version":"3.6.1","resolution":"/home/bittu/CTMInTask/functions/node_modules/firebase-functions/lib/index.js"} 
[debug] [2020-06-01T09:55:09.189Z] [runtime-status] [22741] firebase-admin has been stubbed. {"adminResolution":{"declared":true,"installed":true,"version":"8.12.1","resolution":"/home/bittu/CTMInTask/functions/node_modules/firebase-admin/lib/index.js"}} 
[debug] [2020-06-01T09:55:09.323Z] [runtime-status] [22741] initializeApp(DEFAULT) {"databaseURL":"https://ctmintask.firebaseio.com","storageBucket":"ctmintask.appspot.com","projectId":"ctmintask","credential":{"implicit":false,"projectId":"ctmintask","privateKey":"-----BEGIN PRIVATE KEY-----\nMIIEvAIBADANBgkqhkiG9w0BAQEFAASCBKYwggSiAgEAAoIBAQCqrL4C3+xcZwj6\nJPwigfIMon0Taj6liwzLAFutGJRWs24dBSZHGe/ZexzcrWNCPIxFFXJCMHADPHYB\nd95nzlv1HNT+F3seZNUHP7sqHHIeVwyUlT/PZJmL3TtF/LJ6KY44QZ9EHPgHdfrl\nJfLR6Lpc1cNwgFabPIVv3/bdGWJLITjbjpaoUzLdaVuAbLigmlrsDQCNMsXG/K4/\nzdtfToeBqlF/Uc2StLEwEyNU4pzC+gMVxYunJyIbUXo5Dwp7ytAzKIogRLNDzR4k\nKza4RS5TmSn3GjMpGfsWWujz3D7XDK4U7ZXQOdJqcYXG/0JbikJeXzPZG8921LSa\n47iA9oJpAgMBAAECggEAC5bt0y+l8vNbMHNE/MniqBl7kU8wYFjkHj/Qud0Wq5mF\nE2rnWcIo35WE1PZgLF4Er2dAqj50SL/5Cmn7nARvCaKy0utAxMRXk+WvvbEPTcCe\n/dLxsZFU/OKhtQOvEe0S9357RGqMLCOGjTtptPfO+eFZI2FPoDx4mit07bgczNmg\n/fTx8bBVgs93O5azokpEVMgdaxhGPlAXHEOPl9kZJZo5o+0x1XKBvmpsT/M7bm63\npPv5r72xbPbouip0UQzeVdElvJ49WHVJOZDTF5H1v0Pg5fHDObDJq1d2WiH7ltFr\nhX/PFMb9LJHqvLf3VUQLVJUK0GQ59xU6JvAdyIP0oQKBgQDdNjSZE/ZMSrxr1Q1a\ndtHGhH47Fxrz1JClLHoAn6WaJYci4CjW5WCekx3YwXt7knmf0gQIA2N2r2/OYPbo\nYN16aDmTiV4Z85X2dMZaDb45+P84Ozn2ls1t+euy0EwQrwGR+8WGxOLs7lwsfZPf\n1UwFbdM7gA4oANTg+VvSMILtsQKBgQDFg/ZDNKd/uX3kjLN/342q0nEmHqiXOTOX\n9hSoQu9aL3ZdDMh6u0mQPMu3a4zJVutoh+4sJXYHvV//zB5gLJr3U4NJufL7sr96\neNB/DOuiLluFOTLu5rdL8T10qbh+EeVTPZCpwJ//uh5kKmMy8B/qurX4Hx+cMnCP\n18LoTkB2OQKBgCKrHx0qirw0Lkl8D2axHnlNRHdATMIP+0dXrBsy6gI5hW9K0Du1\noSnZBqF02URplVQd1vHmjg0Iu64NdkS/AZbwhK2BptTMXyFL9dYhN0HgqycF6TSj\nN7jXpT/V80XeF5HocnGHo8TcKmfyml1HEW38Y1F85TsRvksv6VsMrUhRAoGAUjam\nd7zgB5MfKtXCFXTpE/R6coKKbD+8EQG2AX+y/1gILZ0XibaRXT9hEFztAhVy8VS7\nN5b0NS6HWgMNlbybWF1jpXmIAWqatxC4wFmRbzValO6FG9ne6/ZjPT8z8w3h5a8X\nmwD52EkRQ2I9XkODFYJYIgpabvqzzbvifi2sOUkCgYA6Yb8OVNKH2eDZxxR/l9eG\neVprPErbKoZpNfuY7L9se1uzI+a75UheMSZnkIwXdg4Uqh/BtjhkJQj7q7GM6oYx\nLsNpsSCNPXyIuhr8SAmpXuyVmxhtPNTg+dnFNKQzTMj93QV+2UcQiWs7J+ARAD27\nDEAbtv4HKNEiO6qXWTttXg==\n-----END PRIVATE KEY-----\n","clientEmail":"firebase-adminsdk-z09lk@ctmintask.iam.gserviceaccount.com","httpClient":{"retry":{"maxRetries":4,"statusCodes":[503],"ioErrorCodes":["ECONNRESET","ETIMEDOUT"],"backOffFactor":0.5,"maxDelayInMillis":60000}}}} 
[warn] ⚠  functions: The Cloud Firestore emulator is not running, so calls to Firestore will affect production.
[debug] [2020-06-01T09:55:09.649Z] Unsupported trigger: {"eventTrigger":{"resource":"projects/ctmintask","eventType":"providers/firebase.auth/eventTypes/user.create","service":"firebaseauth.googleapis.com"},"name":"newSignUp","entryPoint":"newSignUp"} 
[debug] [2020-06-01T09:55:09.650Z] Unsupported trigger: {"eventTrigger":{"resource":"projects/ctmintask","eventType":"providers/firebase.auth/eventTypes/user.delete","service":"firebaseauth.googleapis.com"},"name":"onUserDelete","entryPoint":"onUserDelete"} 
[info] ✔  functions[api]: http function initialized (http://localhost:5000/ctmintask/us-central1/api).
[info] ✔  functions[helloHangoutsChat]: http function initialized (http://localhost:5000/ctmintask/us-central1/helloHangoutsChat).
[info] ✔  functions[addMessage]: http function initialized (http://localhost:5000/ctmintask/us-central1/addMessage).
[info] i  functions[newSignUp]: function ignored because the auth emulator does not exist or is not running.
[info] i  functions[onUserDelete]: function ignored because the auth emulator does not exist or is not running.
[debug] [2020-06-01T09:55:09.653Z] [worker-~diagnostic~-b37a0eed-ebcd-4154-946a-581c274c8fba]: IDLE 
[debug] [2020-06-01T09:55:23.030Z] [work-queue] {"queueLength":1,"workRunningCount":0}
[debug] [2020-06-01T09:55:23.030Z] [work-queue] {"queueLength":0,"workRunningCount":1}
[debug] [2020-06-01T09:55:23.031Z] Accepted request GET /ctmintask/us-central1/helloHangoutsChat --> helloHangoutsChat
[debug] [2020-06-01T09:55:23.038Z] [worker-pool] addWorker(helloHangoutsChat) 
[debug] [2020-06-01T09:55:23.039Z] [worker-pool] Adding worker with key helloHangoutsChat, total=1 
[debug] [2020-06-01T09:55:23.039Z] [worker-pool] submitWork(triggerId=helloHangoutsChat) 
[debug] [2020-06-01T09:55:23.039Z] [worker-helloHangoutsChat-16c5cb0f-a053-424a-be89-aedad2a2ebf7]: Assigning socketPath: /tmp/fire_emu_22757.sock 
[debug] [2020-06-01T09:55:23.039Z] [worker-helloHangoutsChat-16c5cb0f-a053-424a-be89-aedad2a2ebf7]: BUSY 
[debug] [2020-06-01T09:55:23.452Z] [runtime-status] [22757] Functions runtime initialized. {"cwd":"/home/bittu/CTMInTask/functions","node_version":"10.20.1"} 
[debug] [2020-06-01T09:55:23.456Z] [runtime-status] [22757] Disabled runtime features: undefined 
[debug] [2020-06-01T09:55:23.459Z] [runtime-status] [22757] Resolved module firebase-admin {"declared":true,"installed":true,"version":"8.12.1","resolution":"/home/bittu/CTMInTask/functions/node_modules/firebase-admin/lib/index.js"} 
[debug] [2020-06-01T09:55:23.460Z] [runtime-status] [22757] Resolved module firebase-functions {"declared":true,"installed":true,"version":"3.6.1","resolution":"/home/bittu/CTMInTask/functions/node_modules/firebase-functions/lib/index.js"} 
[debug] [2020-06-01T09:55:23.468Z] [runtime-status] [22757] Outgoing network have been stubbed. [{"name":"http","status":"mocked"},{"name":"http","status":"mocked"},{"name":"https","status":"mocked"},{"name":"https","status":"mocked"},{"name":"net","status":"mocked"}] 
[debug] [2020-06-01T09:55:23.522Z] [runtime-status] [22757] Checked functions.config() {"config":{}} 
[debug] [2020-06-01T09:55:23.523Z] [runtime-status] [22757] Resolved module firebase-functions {"declared":true,"installed":true,"version":"3.6.1","resolution":"/home/bittu/CTMInTask/functions/node_modules/firebase-functions/lib/index.js"} 
[debug] [2020-06-01T09:55:23.524Z] [runtime-status] [22757] Resolved module firebase-admin {"declared":true,"installed":true,"version":"8.12.1","resolution":"/home/bittu/CTMInTask/functions/node_modules/firebase-admin/lib/index.js"} 
[debug] [2020-06-01T09:55:23.525Z] [runtime-status] [22757] Resolved module firebase-functions {"declared":true,"installed":true,"version":"3.6.1","resolution":"/home/bittu/CTMInTask/functions/node_modules/firebase-functions/lib/index.js"} 
[debug] [2020-06-01T09:55:23.525Z] [runtime-status] [22757] firebase-admin has been stubbed. {"adminResolution":{"declared":true,"installed":true,"version":"8.12.1","resolution":"/home/bittu/CTMInTask/functions/node_modules/firebase-admin/lib/index.js"}} 
[debug] [2020-06-01T09:55:23.664Z] [runtime-status] [22757] initializeApp(DEFAULT) {"databaseURL":"https://ctmintask.firebaseio.com","storageBucket":"ctmintask.appspot.com","projectId":"ctmintask","credential":{"implicit":false,"projectId":"ctmintask","privateKey":"-----BEGIN PRIVATE KEY-----\nMIIEvAIBADANBgkqhkiG9w0BAQEFAASCBKYwggSiAgEAAoIBAQCqrL4C3+xcZwj6\nJPwigfIMon0Taj6liwzLAFutGJRWs24dBSZHGe/ZexzcrWNCPIxFFXJCMHADPHYB\nd95nzlv1HNT+F3seZNUHP7sqHHIeVwyUlT/PZJmL3TtF/LJ6KY44QZ9EHPgHdfrl\nJfLR6Lpc1cNwgFabPIVv3/bdGWJLITjbjpaoUzLdaVuAbLigmlrsDQCNMsXG/K4/\nzdtfToeBqlF/Uc2StLEwEyNU4pzC+gMVxYunJyIbUXo5Dwp7ytAzKIogRLNDzR4k\nKza4RS5TmSn3GjMpGfsWWujz3D7XDK4U7ZXQOdJqcYXG/0JbikJeXzPZG8921LSa\n47iA9oJpAgMBAAECggEAC5bt0y+l8vNbMHNE/MniqBl7kU8wYFjkHj/Qud0Wq5mF\nE2rnWcIo35WE1PZgLF4Er2dAqj50SL/5Cmn7nARvCaKy0utAxMRXk+WvvbEPTcCe\n/dLxsZFU/OKhtQOvEe0S9357RGqMLCOGjTtptPfO+eFZI2FPoDx4mit07bgczNmg\n/fTx8bBVgs93O5azokpEVMgdaxhGPlAXHEOPl9kZJZo5o+0x1XKBvmpsT/M7bm63\npPv5r72xbPbouip0UQzeVdElvJ49WHVJOZDTF5H1v0Pg5fHDObDJq1d2WiH7ltFr\nhX/PFMb9LJHqvLf3VUQLVJUK0GQ59xU6JvAdyIP0oQKBgQDdNjSZE/ZMSrxr1Q1a\ndtHGhH47Fxrz1JClLHoAn6WaJYci4CjW5WCekx3YwXt7knmf0gQIA2N2r2/OYPbo\nYN16aDmTiV4Z85X2dMZaDb45+P84Ozn2ls1t+euy0EwQrwGR+8WGxOLs7lwsfZPf\n1UwFbdM7gA4oANTg+VvSMILtsQKBgQDFg/ZDNKd/uX3kjLN/342q0nEmHqiXOTOX\n9hSoQu9aL3ZdDMh6u0mQPMu3a4zJVutoh+4sJXYHvV//zB5gLJr3U4NJufL7sr96\neNB/DOuiLluFOTLu5rdL8T10qbh+EeVTPZCpwJ//uh5kKmMy8B/qurX4Hx+cMnCP\n18LoTkB2OQKBgCKrHx0qirw0Lkl8D2axHnlNRHdATMIP+0dXrBsy6gI5hW9K0Du1\noSnZBqF02URplVQd1vHmjg0Iu64NdkS/AZbwhK2BptTMXyFL9dYhN0HgqycF6TSj\nN7jXpT/V80XeF5HocnGHo8TcKmfyml1HEW38Y1F85TsRvksv6VsMrUhRAoGAUjam\nd7zgB5MfKtXCFXTpE/R6coKKbD+8EQG2AX+y/1gILZ0XibaRXT9hEFztAhVy8VS7\nN5b0NS6HWgMNlbybWF1jpXmIAWqatxC4wFmRbzValO6FG9ne6/ZjPT8z8w3h5a8X\nmwD52EkRQ2I9XkODFYJYIgpabvqzzbvifi2sOUkCgYA6Yb8OVNKH2eDZxxR/l9eG\neVprPErbKoZpNfuY7L9se1uzI+a75UheMSZnkIwXdg4Uqh/BtjhkJQj7q7GM6oYx\nLsNpsSCNPXyIuhr8SAmpXuyVmxhtPNTg+dnFNKQzTMj93QV+2UcQiWs7J+ARAD27\nDEAbtv4HKNEiO6qXWTttXg==\n-----END PRIVATE KEY-----\n","clientEmail":"firebase-adminsdk-z09lk@ctmintask.iam.gserviceaccount.com","httpClient":{"retry":{"maxRetries":4,"statusCodes":[503],"ioErrorCodes":["ECONNRESET","ETIMEDOUT"],"backOffFactor":0.5,"maxDelayInMillis":60000}}}} 
[warn] ⚠  functions: The Cloud Firestore emulator is not running, so calls to Firestore will affect production.
[debug] [2020-06-01T09:55:23.995Z] [runtime-status] [22757] Trigger "helloHangoutsChat" has been found, beginning invocation! 
[info] i  functions: Beginning execution of "helloHangoutsChat"
[debug] [2020-06-01T09:55:23.996Z] [runtime-status] [22757] triggerDefinition {"httpsTrigger":{},"name":"helloHangoutsChat","entryPoint":"helloHangoutsChat"} 
[debug] [2020-06-01T09:55:23.996Z] [runtime-status] [22757] Running helloHangoutsChat in mode HTTPS 
[debug] [2020-06-01T09:55:24.004Z] [runtime-status] [22757] Attempting to listen to socketPath: /tmp/fire_emu_22757.sock 
[debug] [2020-06-01T09:55:24.014Z] [functions] Runtime ready! Sending request! 
[debug] [2020-06-01T09:55:24.028Z] [runtime-status] [22757] Ephemeral server handling GET request 
[debug] [2020-06-01T09:55:24.044Z] [runtime-status] [22757] Ephemeral server survived. 
[warn] ⚠  functions: TypeError: Cannot read property 'sender' of undefined
    at exports.helloHangoutsChat.functions.https.onRequest (/home/bittu/CTMInTask/functions/index.js:79:35)
    at runFunction (/usr/lib/node_modules/firebase-tools/lib/emulator/functionsEmulatorRuntime.js:570:20)
    at /usr/lib/node_modules/firebase-tools/lib/emulator/functionsEmulatorRuntime.js:545:19
    at Generator.next (<anonymous>)
    at /usr/lib/node_modules/firebase-tools/lib/emulator/functionsEmulatorRuntime.js:8:71
    at new Promise (<anonymous>)
    at __awaiter (/usr/lib/node_modules/firebase-tools/lib/emulator/functionsEmulatorRuntime.js:4:12)
    at runFunction (/usr/lib/node_modules/firebase-tools/lib/emulator/functionsEmulatorRuntime.js:542:12)
    at /usr/lib/node_modules/firebase-tools/lib/emulator/functionsEmulatorRuntime.js:569:15
    at Generator.next (<anonymous>)
[debug] [2020-06-01T09:55:24.054Z] Error [ERR_HTTP_HEADERS_SENT]: Cannot set headers after they are sent to the client
    at ServerResponse.setHeader (_http_outgoing.js:470:11)
    at ServerResponse.header (/usr/lib/node_modules/firebase-tools/node_modules/express/lib/response.js:771:10)
    at ServerResponse.send (/usr/lib/node_modules/firebase-tools/node_modules/express/lib/response.js:170:12)
    at EventEmitter.worker.onLogs (/usr/lib/node_modules/firebase-tools/lib/emulator/functionsEmulator.js:504:37)
    at EventEmitter.emit (events.js:203:15)
    at EventEmitter.emit (domain.js:448:20)
    at lines.slice.forEach (/usr/lib/node_modules/firebase-tools/lib/emulator/functionsEmulator.js:565:25)
    at Array.forEach (<anonymous>)
    at FunctionsEmulator.onData (/usr/lib/node_modules/firebase-tools/lib/emulator/functionsEmulator.js:563:32)
    at ChildProcess.childProcess.on (/usr/lib/node_modules/firebase-tools/lib/emulator/functionsEmulator.js:397:18)
    at ChildProcess.emit (events.js:198:13)
    at ChildProcess.EventEmitter.emit (domain.js:448:20)
    at emit (internal/child_process.js:832:12)
    at process._tickCallback (internal/process/next_tick.js:63:19)
[error] 
[error] Error: An unexpected error has occurred.
[debug] [2020-06-01T09:55:24.088Z] [worker-helloHangoutsChat-16c5cb0f-a053-424a-be89-aedad2a2ebf7]: exited 
[debug] [2020-06-01T09:55:24.088Z] [worker-helloHangoutsChat-16c5cb0f-a053-424a-be89-aedad2a2ebf7]: FINISHED 
[debug] [2020-06-01T09:55:24.089Z] [work-queue] {"queueLength":0,"workRunningCount":0}
[debug] [2020-06-01T09:57:51.626Z] ----------------------------------------------------------------------
[debug] [2020-06-01T09:57:51.629Z] Command:       /usr/bin/node /usr/bin/firebase serve --only functions
[debug] [2020-06-01T09:57:51.630Z] CLI Version:   8.2.0
[debug] [2020-06-01T09:57:51.630Z] Platform:      linux
[debug] [2020-06-01T09:57:51.630Z] Node Version:  v10.20.1
[debug] [2020-06-01T09:57:51.631Z] Time:          Mon Jun 01 2020 15:27:51 GMT+0530 (India Standard Time)
[debug] [2020-06-01T09:57:51.631Z] ----------------------------------------------------------------------
[debug] [2020-06-01T09:57:51.631Z] 
[debug] [2020-06-01T09:57:51.712Z] > command requires scopes: ["email","openid","https://www.googleapis.com/auth/cloudplatformprojects.readonly","https://www.googleapis.com/auth/firebase","https://www.googleapis.com/auth/cloud-platform"]
[debug] [2020-06-01T09:57:51.713Z] > authorizing via signed-in user
[debug] [2020-06-01T09:57:51.714Z] [iam] checking project ctmintask for permissions ["firebase.projects.get"]
[debug] [2020-06-01T09:57:51.719Z] >>> HTTP REQUEST POST https://cloudresourcemanager.googleapis.com/v1/projects/ctmintask:testIamPermissions  
 {"permissions":["firebase.projects.get"]}
[debug] [2020-06-01T09:57:53.641Z] <<< HTTP RESPONSE 200 {"content-type":"application/json; charset=UTF-8","vary":"X-Origin, Referer, Origin,Accept-Encoding","date":"Mon, 01 Jun 2020 09:57:53 GMT","server":"ESF","cache-control":"private","x-xss-protection":"0","x-frame-options":"SAMEORIGIN","x-content-type-options":"nosniff","server-timing":"gfet4t7; dur=1321","alt-svc":"h3-27=\":443\"; ma=2592000,h3-25=\":443\"; ma=2592000,h3-T050=\":443\"; ma=2592000,h3-Q050=\":443\"; ma=2592000,h3-Q049=\":443\"; ma=2592000,h3-Q048=\":443\"; ma=2592000,h3-Q046=\":443\"; ma=2592000,h3-Q043=\":443\"; ma=2592000,quic=\":443\"; ma=2592000; v=\"46,43\"","accept-ranges":"none","transfer-encoding":"chunked"}
[debug] [2020-06-01T09:57:53.644Z] >>> HTTP REQUEST GET https://firebase.googleapis.com/v1beta1/projects/ctmintask  
 
[debug] [2020-06-01T09:57:54.653Z] <<< HTTP RESPONSE 200 {"content-type":"application/json; charset=UTF-8","vary":"X-Origin, Referer, Origin,Accept-Encoding","date":"Mon, 01 Jun 2020 09:57:54 GMT","server":"ESF","cache-control":"private","x-xss-protection":"0","x-frame-options":"SAMEORIGIN","x-content-type-options":"nosniff","alt-svc":"h3-27=\":443\"; ma=2592000,h3-25=\":443\"; ma=2592000,h3-T050=\":443\"; ma=2592000,h3-Q050=\":443\"; ma=2592000,h3-Q049=\":443\"; ma=2592000,h3-Q048=\":443\"; ma=2592000,h3-Q046=\":443\"; ma=2592000,h3-Q043=\":443\"; ma=2592000,quic=\":443\"; ma=2592000; v=\"46,43\"","accept-ranges":"none","transfer-encoding":"chunked"}
[warn] ⚠  Your requested "node" version "8" doesn't match your global version "10"
[info] ✔  functions: functions emulator started at http://localhost:5000
[info] i  functions: Watching "/home/bittu/CTMInTask/functions" for Cloud Functions...
[debug] [2020-06-01T09:57:54.705Z] [worker-pool] addWorker(~diagnostic~) 
[debug] [2020-06-01T09:57:54.706Z] [worker-pool] Adding worker with key ~diagnostic~, total=1 
[debug] [2020-06-01T09:57:54.706Z] [worker-pool] submitWork(triggerId=) 
[debug] [2020-06-01T09:57:54.707Z] [worker-~diagnostic~-e89e5f8d-c938-441b-94c0-c9d99702ba95]: Assigning socketPath: /tmp/fire_emu_23161.sock 
[debug] [2020-06-01T09:57:54.707Z] [worker-~diagnostic~-e89e5f8d-c938-441b-94c0-c9d99702ba95]: BUSY 
[debug] [2020-06-01T09:57:55.258Z] [runtime-status] [23161] Functions runtime initialized. {"cwd":"/home/bittu/CTMInTask/functions","node_version":"10.20.1"} 
[debug] [2020-06-01T09:57:55.261Z] [runtime-status] [23161] Disabled runtime features: undefined 
[debug] [2020-06-01T09:57:55.264Z] [runtime-status] [23161] Resolved module firebase-admin {"declared":true,"installed":true,"version":"8.12.1","resolution":"/home/bittu/CTMInTask/functions/node_modules/firebase-admin/lib/index.js"} 
[debug] [2020-06-01T09:57:55.265Z] [runtime-status] [23161] Resolved module firebase-functions {"declared":true,"installed":true,"version":"3.6.1","resolution":"/home/bittu/CTMInTask/functions/node_modules/firebase-functions/lib/index.js"} 
[debug] [2020-06-01T09:57:55.272Z] [runtime-status] [23161] Outgoing network have been stubbed. [{"name":"http","status":"mocked"},{"name":"http","status":"mocked"},{"name":"https","status":"mocked"},{"name":"https","status":"mocked"},{"name":"net","status":"mocked"}] 
[debug] [2020-06-01T09:57:55.324Z] [runtime-status] [23161] Checked functions.config() {"config":{}} 
[debug] [2020-06-01T09:57:55.325Z] [runtime-status] [23161] Resolved module firebase-functions {"declared":true,"installed":true,"version":"3.6.1","resolution":"/home/bittu/CTMInTask/functions/node_modules/firebase-functions/lib/index.js"} 
[debug] [2020-06-01T09:57:55.327Z] [runtime-status] [23161] Resolved module firebase-admin {"declared":true,"installed":true,"version":"8.12.1","resolution":"/home/bittu/CTMInTask/functions/node_modules/firebase-admin/lib/index.js"} 
[debug] [2020-06-01T09:57:55.327Z] [runtime-status] [23161] Resolved module firebase-functions {"declared":true,"installed":true,"version":"3.6.1","resolution":"/home/bittu/CTMInTask/functions/node_modules/firebase-functions/lib/index.js"} 
[debug] [2020-06-01T09:57:55.328Z] [runtime-status] [23161] firebase-admin has been stubbed. {"adminResolution":{"declared":true,"installed":true,"version":"8.12.1","resolution":"/home/bittu/CTMInTask/functions/node_modules/firebase-admin/lib/index.js"}} 
[debug] [2020-06-01T09:57:55.475Z] [runtime-status] [23161] initializeApp(DEFAULT) {"databaseURL":"https://ctmintask.firebaseio.com","storageBucket":"ctmintask.appspot.com","projectId":"ctmintask","credential":{"implicit":false,"projectId":"ctmintask","privateKey":"-----BEGIN PRIVATE KEY-----\nMIIEvAIBADANBgkqhkiG9w0BAQEFAASCBKYwggSiAgEAAoIBAQCqrL4C3+xcZwj6\nJPwigfIMon0Taj6liwzLAFutGJRWs24dBSZHGe/ZexzcrWNCPIxFFXJCMHADPHYB\nd95nzlv1HNT+F3seZNUHP7sqHHIeVwyUlT/PZJmL3TtF/LJ6KY44QZ9EHPgHdfrl\nJfLR6Lpc1cNwgFabPIVv3/bdGWJLITjbjpaoUzLdaVuAbLigmlrsDQCNMsXG/K4/\nzdtfToeBqlF/Uc2StLEwEyNU4pzC+gMVxYunJyIbUXo5Dwp7ytAzKIogRLNDzR4k\nKza4RS5TmSn3GjMpGfsWWujz3D7XDK4U7ZXQOdJqcYXG/0JbikJeXzPZG8921LSa\n47iA9oJpAgMBAAECggEAC5bt0y+l8vNbMHNE/MniqBl7kU8wYFjkHj/Qud0Wq5mF\nE2rnWcIo35WE1PZgLF4Er2dAqj50SL/5Cmn7nARvCaKy0utAxMRXk+WvvbEPTcCe\n/dLxsZFU/OKhtQOvEe0S9357RGqMLCOGjTtptPfO+eFZI2FPoDx4mit07bgczNmg\n/fTx8bBVgs93O5azokpEVMgdaxhGPlAXHEOPl9kZJZo5o+0x1XKBvmpsT/M7bm63\npPv5r72xbPbouip0UQzeVdElvJ49WHVJOZDTF5H1v0Pg5fHDObDJq1d2WiH7ltFr\nhX/PFMb9LJHqvLf3VUQLVJUK0GQ59xU6JvAdyIP0oQKBgQDdNjSZE/ZMSrxr1Q1a\ndtHGhH47Fxrz1JClLHoAn6WaJYci4CjW5WCekx3YwXt7knmf0gQIA2N2r2/OYPbo\nYN16aDmTiV4Z85X2dMZaDb45+P84Ozn2ls1t+euy0EwQrwGR+8WGxOLs7lwsfZPf\n1UwFbdM7gA4oANTg+VvSMILtsQKBgQDFg/ZDNKd/uX3kjLN/342q0nEmHqiXOTOX\n9hSoQu9aL3ZdDMh6u0mQPMu3a4zJVutoh+4sJXYHvV//zB5gLJr3U4NJufL7sr96\neNB/DOuiLluFOTLu5rdL8T10qbh+EeVTPZCpwJ//uh5kKmMy8B/qurX4Hx+cMnCP\n18LoTkB2OQKBgCKrHx0qirw0Lkl8D2axHnlNRHdATMIP+0dXrBsy6gI5hW9K0Du1\noSnZBqF02URplVQd1vHmjg0Iu64NdkS/AZbwhK2BptTMXyFL9dYhN0HgqycF6TSj\nN7jXpT/V80XeF5HocnGHo8TcKmfyml1HEW38Y1F85TsRvksv6VsMrUhRAoGAUjam\nd7zgB5MfKtXCFXTpE/R6coKKbD+8EQG2AX+y/1gILZ0XibaRXT9hEFztAhVy8VS7\nN5b0NS6HWgMNlbybWF1jpXmIAWqatxC4wFmRbzValO6FG9ne6/ZjPT8z8w3h5a8X\nmwD52EkRQ2I9XkODFYJYIgpabvqzzbvifi2sOUkCgYA6Yb8OVNKH2eDZxxR/l9eG\neVprPErbKoZpNfuY7L9se1uzI+a75UheMSZnkIwXdg4Uqh/BtjhkJQj7q7GM6oYx\nLsNpsSCNPXyIuhr8SAmpXuyVmxhtPNTg+dnFNKQzTMj93QV+2UcQiWs7J+ARAD27\nDEAbtv4HKNEiO6qXWTttXg==\n-----END PRIVATE KEY-----\n","clientEmail":"firebase-adminsdk-z09lk@ctmintask.iam.gserviceaccount.com","httpClient":{"retry":{"maxRetries":4,"statusCodes":[503],"ioErrorCodes":["ECONNRESET","ETIMEDOUT"],"backOffFactor":0.5,"maxDelayInMillis":60000}}}} 
[warn] ⚠  functions: The Cloud Firestore emulator is not running, so calls to Firestore will affect production.
[debug] [2020-06-01T09:57:55.824Z] Unsupported trigger: {"eventTrigger":{"resource":"projects/ctmintask","eventType":"providers/firebase.auth/eventTypes/user.create","service":"firebaseauth.googleapis.com"},"name":"newSignUp","entryPoint":"newSignUp"} 
[debug] [2020-06-01T09:57:55.824Z] Unsupported trigger: {"eventTrigger":{"resource":"projects/ctmintask","eventType":"providers/firebase.auth/eventTypes/user.delete","service":"firebaseauth.googleapis.com"},"name":"onUserDelete","entryPoint":"onUserDelete"} 
[info] ✔  functions[api]: http function initialized (http://localhost:5000/ctmintask/us-central1/api).
[info] ✔  functions[helloHangoutsChat]: http function initialized (http://localhost:5000/ctmintask/us-central1/helloHangoutsChat).
[info] ✔  functions[addMessage]: http function initialized (http://localhost:5000/ctmintask/us-central1/addMessage).
[info] i  functions[newSignUp]: function ignored because the auth emulator does not exist or is not running.
[info] i  functions[onUserDelete]: function ignored because the auth emulator does not exist or is not running.
[debug] [2020-06-01T09:57:55.827Z] [worker-~diagnostic~-e89e5f8d-c938-441b-94c0-c9d99702ba95]: IDLE 
[debug] [2020-06-01T10:03:06.621Z] [work-queue] {"queueLength":1,"workRunningCount":0}
[debug] [2020-06-01T10:03:06.621Z] [work-queue] {"queueLength":0,"workRunningCount":1}
[debug] [2020-06-01T10:03:06.622Z] Accepted request POST /ctmintask/us-central1/helloHangoutsChat --> helloHangoutsChat
[debug] [2020-06-01T10:03:06.641Z] [worker-pool] addWorker(helloHangoutsChat) 
[debug] [2020-06-01T10:03:06.641Z] [worker-pool] Adding worker with key helloHangoutsChat, total=1 
[debug] [2020-06-01T10:03:06.642Z] [worker-pool] submitWork(triggerId=helloHangoutsChat) 
[debug] [2020-06-01T10:03:06.642Z] [worker-helloHangoutsChat-dd6278a6-3ef0-4d9a-ae70-4b45c1a47833]: Assigning socketPath: /tmp/fire_emu_23419.sock 
[debug] [2020-06-01T10:03:06.642Z] [worker-helloHangoutsChat-dd6278a6-3ef0-4d9a-ae70-4b45c1a47833]: BUSY 
[debug] [2020-06-01T10:03:07.191Z] [runtime-status] [23419] Functions runtime initialized. {"cwd":"/home/bittu/CTMInTask/functions","node_version":"10.20.1"} 
[debug] [2020-06-01T10:03:07.196Z] [runtime-status] [23419] Disabled runtime features: undefined 
[debug] [2020-06-01T10:03:07.200Z] [runtime-status] [23419] Resolved module firebase-admin {"declared":true,"installed":true,"version":"8.12.1","resolution":"/home/bittu/CTMInTask/functions/node_modules/firebase-admin/lib/index.js"} 
[debug] [2020-06-01T10:03:07.201Z] [runtime-status] [23419] Resolved module firebase-functions {"declared":true,"installed":true,"version":"3.6.1","resolution":"/home/bittu/CTMInTask/functions/node_modules/firebase-functions/lib/index.js"} 
[debug] [2020-06-01T10:03:07.209Z] [runtime-status] [23419] Outgoing network have been stubbed. [{"name":"http","status":"mocked"},{"name":"http","status":"mocked"},{"name":"https","status":"mocked"},{"name":"https","status":"mocked"},{"name":"net","status":"mocked"}] 
[debug] [2020-06-01T10:03:07.274Z] [runtime-status] [23419] Checked functions.config() {"config":{}} 
[debug] [2020-06-01T10:03:07.277Z] [runtime-status] [23419] Resolved module firebase-functions {"declared":true,"installed":true,"version":"3.6.1","resolution":"/home/bittu/CTMInTask/functions/node_modules/firebase-functions/lib/index.js"} 
[debug] [2020-06-01T10:03:07.279Z] [runtime-status] [23419] Resolved module firebase-admin {"declared":true,"installed":true,"version":"8.12.1","resolution":"/home/bittu/CTMInTask/functions/node_modules/firebase-admin/lib/index.js"} 
[debug] [2020-06-01T10:03:07.279Z] [runtime-status] [23419] Resolved module firebase-functions {"declared":true,"installed":true,"version":"3.6.1","resolution":"/home/bittu/CTMInTask/functions/node_modules/firebase-functions/lib/index.js"} 
[debug] [2020-06-01T10:03:07.279Z] [runtime-status] [23419] firebase-admin has been stubbed. {"adminResolution":{"declared":true,"installed":true,"version":"8.12.1","resolution":"/home/bittu/CTMInTask/functions/node_modules/firebase-admin/lib/index.js"}} 
[debug] [2020-06-01T10:03:07.430Z] [runtime-status] [23419] initializeApp(DEFAULT) {"databaseURL":"https://ctmintask.firebaseio.com","storageBucket":"ctmintask.appspot.com","projectId":"ctmintask","credential":{"implicit":false,"projectId":"ctmintask","privateKey":"-----BEGIN PRIVATE KEY-----\nMIIEvAIBADANBgkqhkiG9w0BAQEFAASCBKYwggSiAgEAAoIBAQCqrL4C3+xcZwj6\nJPwigfIMon0Taj6liwzLAFutGJRWs24dBSZHGe/ZexzcrWNCPIxFFXJCMHADPHYB\nd95nzlv1HNT+F3seZNUHP7sqHHIeVwyUlT/PZJmL3TtF/LJ6KY44QZ9EHPgHdfrl\nJfLR6Lpc1cNwgFabPIVv3/bdGWJLITjbjpaoUzLdaVuAbLigmlrsDQCNMsXG/K4/\nzdtfToeBqlF/Uc2StLEwEyNU4pzC+gMVxYunJyIbUXo5Dwp7ytAzKIogRLNDzR4k\nKza4RS5TmSn3GjMpGfsWWujz3D7XDK4U7ZXQOdJqcYXG/0JbikJeXzPZG8921LSa\n47iA9oJpAgMBAAECggEAC5bt0y+l8vNbMHNE/MniqBl7kU8wYFjkHj/Qud0Wq5mF\nE2rnWcIo35WE1PZgLF4Er2dAqj50SL/5Cmn7nARvCaKy0utAxMRXk+WvvbEPTcCe\n/dLxsZFU/OKhtQOvEe0S9357RGqMLCOGjTtptPfO+eFZI2FPoDx4mit07bgczNmg\n/fTx8bBVgs93O5azokpEVMgdaxhGPlAXHEOPl9kZJZo5o+0x1XKBvmpsT/M7bm63\npPv5r72xbPbouip0UQzeVdElvJ49WHVJOZDTF5H1v0Pg5fHDObDJq1d2WiH7ltFr\nhX/PFMb9LJHqvLf3VUQLVJUK0GQ59xU6JvAdyIP0oQKBgQDdNjSZE/ZMSrxr1Q1a\ndtHGhH47Fxrz1JClLHoAn6WaJYci4CjW5WCekx3YwXt7knmf0gQIA2N2r2/OYPbo\nYN16aDmTiV4Z85X2dMZaDb45+P84Ozn2ls1t+euy0EwQrwGR+8WGxOLs7lwsfZPf\n1UwFbdM7gA4oANTg+VvSMILtsQKBgQDFg/ZDNKd/uX3kjLN/342q0nEmHqiXOTOX\n9hSoQu9aL3ZdDMh6u0mQPMu3a4zJVutoh+4sJXYHvV//zB5gLJr3U4NJufL7sr96\neNB/DOuiLluFOTLu5rdL8T10qbh+EeVTPZCpwJ//uh5kKmMy8B/qurX4Hx+cMnCP\n18LoTkB2OQKBgCKrHx0qirw0Lkl8D2axHnlNRHdATMIP+0dXrBsy6gI5hW9K0Du1\noSnZBqF02URplVQd1vHmjg0Iu64NdkS/AZbwhK2BptTMXyFL9dYhN0HgqycF6TSj\nN7jXpT/V80XeF5HocnGHo8TcKmfyml1HEW38Y1F85TsRvksv6VsMrUhRAoGAUjam\nd7zgB5MfKtXCFXTpE/R6coKKbD+8EQG2AX+y/1gILZ0XibaRXT9hEFztAhVy8VS7\nN5b0NS6HWgMNlbybWF1jpXmIAWqatxC4wFmRbzValO6FG9ne6/ZjPT8z8w3h5a8X\nmwD52EkRQ2I9XkODFYJYIgpabvqzzbvifi2sOUkCgYA6Yb8OVNKH2eDZxxR/l9eG\neVprPErbKoZpNfuY7L9se1uzI+a75UheMSZnkIwXdg4Uqh/BtjhkJQj7q7GM6oYx\nLsNpsSCNPXyIuhr8SAmpXuyVmxhtPNTg+dnFNKQzTMj93QV+2UcQiWs7J+ARAD27\nDEAbtv4HKNEiO6qXWTttXg==\n-----END PRIVATE KEY-----\n","clientEmail":"firebase-adminsdk-z09lk@ctmintask.iam.gserviceaccount.com","httpClient":{"retry":{"maxRetries":4,"statusCodes":[503],"ioErrorCodes":["ECONNRESET","ETIMEDOUT"],"backOffFactor":0.5,"maxDelayInMillis":60000}}}} 
[warn] ⚠  functions: The Cloud Firestore emulator is not running, so calls to Firestore will affect production.
[debug] [2020-06-01T10:03:07.785Z] [runtime-status] [23419] Trigger "helloHangoutsChat" has been found, beginning invocation! 
[info] i  functions: Beginning execution of "helloHangoutsChat"
[debug] [2020-06-01T10:03:07.786Z] [runtime-status] [23419] triggerDefinition {"httpsTrigger":{},"name":"helloHangoutsChat","entryPoint":"helloHangoutsChat"} 
[debug] [2020-06-01T10:03:07.786Z] [runtime-status] [23419] Running helloHangoutsChat in mode HTTPS 
[debug] [2020-06-01T10:03:07.794Z] [runtime-status] [23419] Attempting to listen to socketPath: /tmp/fire_emu_23419.sock 
[debug] [2020-06-01T10:03:07.855Z] [functions] Runtime ready! Sending request! 
[debug] [2020-06-01T10:03:07.947Z] [runtime-status] [23419] Ephemeral server handling POST request 
[debug] [2020-06-01T10:03:07.957Z] [runtime-status] [23419] Ephemeral server survived. 
[info] i  functions: Finished "helloHangoutsChat" in ~1s
[debug] [2020-06-01T10:03:07.962Z] [worker-helloHangoutsChat-dd6278a6-3ef0-4d9a-ae70-4b45c1a47833]: IDLE 
[debug] [2020-06-01T10:03:07.962Z] [work-queue] {"queueLength":0,"workRunningCount":0}
[debug] [2020-06-01T10:22:50.519Z] [work-queue] {"queueLength":1,"workRunningCount":0}
[debug] [2020-06-01T10:22:50.519Z] [work-queue] {"queueLength":0,"workRunningCount":1}
[debug] [2020-06-01T10:22:50.519Z] Accepted request GET /ctmintask/us-central1/helloHangoutsChat --> helloHangoutsChat
[debug] [2020-06-01T10:22:50.520Z] [worker-pool] submitWork(triggerId=helloHangoutsChat) 
[debug] [2020-06-01T10:22:50.520Z] [worker-helloHangoutsChat-dd6278a6-3ef0-4d9a-ae70-4b45c1a47833]: Assigning socketPath: /tmp/fire_emu_23419.sock 
[debug] [2020-06-01T10:22:50.520Z] [worker-helloHangoutsChat-dd6278a6-3ef0-4d9a-ae70-4b45c1a47833]: BUSY 
[debug] [2020-06-01T10:22:50.521Z] [runtime-status] [23419] Trigger "helloHangoutsChat" has been found, beginning invocation! 
[info] i  functions: Beginning execution of "helloHangoutsChat"
[debug] [2020-06-01T10:22:50.522Z] [runtime-status] [23419] triggerDefinition {"httpsTrigger":{},"name":"helloHangoutsChat","entryPoint":"helloHangoutsChat"} 
[debug] [2020-06-01T10:22:50.522Z] [runtime-status] [23419] Running helloHangoutsChat in mode HTTPS 
[debug] [2020-06-01T10:22:50.523Z] [runtime-status] [23419] Attempting to listen to socketPath: /tmp/fire_emu_23419.sock 
[debug] [2020-06-01T10:22:50.526Z] [functions] Runtime ready! Sending request! 
[debug] [2020-06-01T10:22:50.535Z] [runtime-status] [23419] Ephemeral server handling GET request 
[debug] [2020-06-01T10:22:50.537Z] [runtime-status] [23419] Ephemeral server survived. 
[warn] ⚠  functions: TypeError: Cannot read property 'sender' of undefined
    at exports.helloHangoutsChat.functions.https.onRequest (/home/bittu/CTMInTask/functions/index.js:79:35)
    at runFunction (/usr/lib/node_modules/firebase-tools/lib/emulator/functionsEmulatorRuntime.js:570:20)
    at /usr/lib/node_modules/firebase-tools/lib/emulator/functionsEmulatorRuntime.js:545:19
    at Generator.next (<anonymous>)
    at /usr/lib/node_modules/firebase-tools/lib/emulator/functionsEmulatorRuntime.js:8:71
    at new Promise (<anonymous>)
    at __awaiter (/usr/lib/node_modules/firebase-tools/lib/emulator/functionsEmulatorRuntime.js:4:12)
    at runFunction (/usr/lib/node_modules/firebase-tools/lib/emulator/functionsEmulatorRuntime.js:542:12)
    at /usr/lib/node_modules/firebase-tools/lib/emulator/functionsEmulatorRuntime.js:569:15
    at Generator.next (<anonymous>)
[debug] [2020-06-01T10:22:50.563Z] Error [ERR_HTTP_HEADERS_SENT]: Cannot set headers after they are sent to the client
    at ServerResponse.setHeader (_http_outgoing.js:470:11)
    at ServerResponse.header (/usr/lib/node_modules/firebase-tools/node_modules/express/lib/response.js:771:10)
    at ServerResponse.contentType (/usr/lib/node_modules/firebase-tools/node_modules/express/lib/response.js:599:15)
    at ServerResponse.send (/usr/lib/node_modules/firebase-tools/node_modules/express/lib/response.js:145:14)
    at EventEmitter.worker.onLogs (/usr/lib/node_modules/firebase-tools/lib/emulator/functionsEmulator.js:504:37)
    at EventEmitter.emit (events.js:203:15)
    at EventEmitter.emit (domain.js:448:20)
    at lines.slice.forEach (/usr/lib/node_modules/firebase-tools/lib/emulator/functionsEmulator.js:565:25)
    at Array.forEach (<anonymous>)
    at FunctionsEmulator.onData (/usr/lib/node_modules/firebase-tools/lib/emulator/functionsEmulator.js:563:32)
    at ChildProcess.childProcess.on (/usr/lib/node_modules/firebase-tools/lib/emulator/functionsEmulator.js:397:18)
    at ChildProcess.emit (events.js:198:13)
    at ChildProcess.EventEmitter.emit (domain.js:448:20)
    at emit (internal/child_process.js:832:12)
    at process._tickCallback (internal/process/next_tick.js:63:19)
[error] 
[error] Error: An unexpected error has occurred.
[debug] [2020-06-01T10:22:50.575Z] [worker-helloHangoutsChat-dd6278a6-3ef0-4d9a-ae70-4b45c1a47833]: exited 
[debug] [2020-06-01T10:22:50.576Z] [worker-helloHangoutsChat-dd6278a6-3ef0-4d9a-ae70-4b45c1a47833]: FINISHED 
[debug] [2020-06-01T10:22:50.576Z] [work-queue] {"queueLength":0,"workRunningCount":0}
